[2013-11-27 17:15:38] START
[2013-11-27 17:16:30] EDIT Assignment_4/views/default/index.html: -22
[2013-11-27 17:28:13] EDIT Assignment_4/views/default/index.html: 12
[2013-11-27 17:28:45] EDIT Assignment_4/views/default/index.html: 2
[2013-11-27 17:31:19] EDIT Assignment_4/views/default/index.html: 0
[2013-11-27 17:32:22] EDIT Assignment_4/views/default/index.html: 1
[2013-11-27 17:32:23] EDIT Assignment_4/views/default/index.html: 0
[2013-11-27 17:33:17] EDIT Assignment_4/views/default/index.html: 8
[2013-11-27 17:36:08] EDIT Assignment_4/views/default/index.html: 4
[2013-11-27 17:37:03] EDIT Assignment_4/views/default/index.html: 0
[2013-11-27 17:37:19] EDIT Assignment_4/views/default/index.html: 0
[2013-11-27 17:37:35] EDIT Assignment_4/views/default/index.html: 0
[2013-11-27 19:18:11] CREATE index_text.html: 0
[2013-11-27 19:18:32] EDIT Assignment_4/views/index_text.html: 30
[2013-11-27 19:19:29] EDIT Assignment_4/controllers/default.py: 2
[2013-11-27 19:19:42] EDIT Assignment_4/controllers/default.py: 0
[2013-11-27 19:19:44] EDIT Assignment_4/controllers/default.py: 0
[2013-11-27 19:20:49] EDIT Assignment_4/views/default/index.html: -4
[2013-11-27 19:22:52] EDIT Assignment_4/views/default/index.html: 24
[2013-11-27 19:23:23] EDIT Assignment_4/views/default/index.html: -1
[2013-11-27 19:23:29] EDIT Assignment_4/views/default/index.html: 0
[2013-11-27 19:24:46] EDIT Assignment_4/views/default/index.html: -9
[2013-11-27 19:25:06] EDIT Assignment_4/views/default/index.html: 9
[2013-11-27 19:25:28] EDIT Assignment_4/views/default/index.html: 0
[2013-11-27 19:25:39] EDIT Assignment_4/views/default/index.html: 1
[2013-11-27 19:27:42] EDIT Assignment_4/views/default/index.html: 3
[2013-11-27 19:27:46] EDIT Assignment_4/views/default/index.html: 0
[2013-11-27 19:29:42] EDIT Assignment_4/views/default/index.html: 6
[2013-11-27 19:30:12] EDIT Assignment_4/views/default/index.html: 0
[2013-11-27 19:32:21] EDIT Assignment_4/views/default/index.html: 6
[2013-11-27 19:32:56] EDIT Assignment_4/views/default/index.html: 0
[2013-11-27 19:34:20] EDIT Assignment_4/views/default/index.html: -15
[2013-11-27 19:35:22] EDIT Assignment_4/views/default/index.html: 3
[2013-11-27 20:02:12] EDIT Assignment_4/views/default/index.html: 34
[2013-11-27 20:02:14] EDIT Assignment_4/views/default/index.html: 0
[2013-11-27 20:02:15] EDIT Assignment_4/views/default/index.html: 0
[2013-11-27 20:02:15] EDIT Assignment_4/views/default/index.html: 0
[2013-11-27 20:02:15] EDIT Assignment_4/views/default/index.html: 0
[2013-11-27 20:02:15] EDIT Assignment_4/views/default/index.html: 0
[2013-11-27 20:02:59] EDIT Assignment_4/views/default/index.html: 0
[2013-11-27 20:03:00] EDIT Assignment_4/views/default/index.html: 0
[2013-11-27 20:03:00] EDIT Assignment_4/views/default/index.html: 0
[2013-11-27 20:03:01] EDIT Assignment_4/views/default/index.html: 0
[2013-11-27 20:03:01] EDIT Assignment_4/views/default/index.html: 0
[2013-11-27 20:03:01] EDIT Assignment_4/views/default/index.html: 0
[2013-11-27 20:03:01] EDIT Assignment_4/views/default/index.html: 0
[2013-11-27 20:03:01] EDIT Assignment_4/views/default/index.html: 0
[2013-11-27 20:03:01] EDIT Assignment_4/views/default/index.html: 0
[2013-11-27 20:03:02] EDIT Assignment_4/views/default/index.html: 0
[2013-11-27 20:03:03] EDIT Assignment_4/views/default/index.html: 0
[2013-11-27 20:03:03] EDIT Assignment_4/views/default/index.html: 0
[2013-11-27 20:03:03] EDIT Assignment_4/views/default/index.html: 0
[2013-11-27 20:03:03] EDIT Assignment_4/views/default/index.html: 0
[2013-11-27 20:03:03] EDIT Assignment_4/views/default/index.html: 0
[2013-11-27 20:03:03] EDIT Assignment_4/views/default/index.html: 0
[2013-11-27 20:03:43] EDIT Assignment_4/views/default/index.html: 0
[2013-11-27 20:03:43] EDIT Assignment_4/views/default/index.html: 0
[2013-11-27 20:03:43] EDIT Assignment_4/views/default/index.html: 0
[2013-11-27 20:03:44] EDIT Assignment_4/views/default/index.html: 0
[2013-11-27 20:03:44] EDIT Assignment_4/views/default/index.html: 0
[2013-11-27 20:03:44] EDIT Assignment_4/views/default/index.html: 0
[2013-11-27 20:03:44] EDIT Assignment_4/views/default/index.html: 0
[2013-11-27 20:03:44] EDIT Assignment_4/views/default/index.html: 0
[2013-11-27 20:03:45] EDIT Assignment_4/views/default/index.html: 0
[2013-11-27 20:03:45] EDIT Assignment_4/views/default/index.html: 0
[2013-11-27 20:06:26] EDIT Assignment_4/views/default/index.html: 1
[2013-11-27 20:08:18] EDIT Assignment_4/views/default/index.html: -5
[2013-11-27 20:15:04] EDIT Assignment_4/views/default/index.html: -10
[2013-11-27 20:17:06] EDIT Assignment_4/views/default/index.html: 0
[2013-11-27 20:20:08] EDIT Assignment_4/views/default/index.html: 0
[2013-11-27 20:29:33] EDIT Assignment_4/views/default/index.html: 3
[2013-11-27 20:29:58] EDIT Assignment_4/views/default/index.html: 0
[2013-11-27 20:37:29] EDIT Assignment_4/views/default/index.html: 0
